2021-11-03 04:51:04,811 [INFO ] : fuuuuuuuuuuuuuuuuuuuuuuuuuuuuuuuuuuuuuuck
2021-11-03 04:51:26,170 [INFO ] : fuuuuuuuuuuuuuuuuuuuuuuuuuuuuuuuuuuuuuuck
2021-11-03 05:11:03,675 [INFO ] : fuuuuuuuuuuuuuuuuuuuuuuuuuuuuuuuuuuuuuuck
2021-11-03 05:11:09,539 [INFO ] : fuuuuuuuuuuuuuuuuuuuuuuuuuuuuuuuuuuuuuuck
2021-11-03 05:12:34,185 [INFO ] : fuuuuuuuuuuuuuuuuuuuuuuuuuuuuuuuuuuuuuuck
2021-11-03 05:38:55,799 [INFO ] : fuuuuuuuuuuuuuuuuuuuuuuuuuuuuuuuuuuuuuuck
2021-11-03 05:48:33,569 [INFO ] : fuuuuuuuuuuuuuuuuuuuuuuuuuuuuuuuuuuuuuuck
2021-11-04 21:54:43,860 [INFO ] : fuuuuuuuuuuuuuuuuuuuuuuuuuuuuuuuuuuuuuuck
2021-11-04 21:55:03,754 [INFO ] : fuuuuuuuuuuuuuuuuuuuuuuuuuuuuuuuuuuuuuuck
2021-11-04 22:35:03,792 [INFO ] : fuuuuuuuuuuuuuuuuuuuuuuuuuuuuuuuuuuuuuuck
2021-11-04 23:53:41,183 [INFO ] : fuuuuuuuuuuuuuuuuuuuuuuuuuuuuuuuuuuuuuuck
2021-11-04 23:53:48,385 [INFO ] : fuuuuuuuuuuuuuuuuuuuuuuuuuuuuuuuuuuuuuuck
2021-11-05 08:52:16,856 [INFO ] : Creating a new CV: {
  "name" : "jae-fffffyyyyyyyyggyyyyyyygfgbbbfhhfffffjhg",
  "email" : "jaeffffffyyyyyyyggghhyggggyhhfbbbf.com",
  "phone" : "0768121629",
  "cvsource" : "C:/Users/moham/Desktop/DAAR/project2/garbage/txt.doc",
  "id" : "2a6f8464-6b92-431d-9f1d-7bf400cd2bbb",
  "cvdata" : [ "WONDROUS IT", "221b BAKER STREET", "99140 TOWNSVILLE", "", "Moteur de recherche d’images [Ticket #1664]", "", "Le projet en question sera une révolution dans l'offre de notre entreprise, et présentera un grand potentiel de croissance et d'occupation d'une plus grande partie du marché. ", "", "Le moteur de recherche sera réalisé par la collaboration des collègues susmentionnés, chacun d'entre nous étant chargé des tâches suivantes ", "", "Bob : sera le Lead Dev.", "", "Cindy : elle sera l'UX du projet, en charge de la conception de notre application Web.", "", "David : sera le QA, assurant la robustesse du code.", "", "Eddy : bien qu'inexpérimenté, il est très motivé et sera d'une grande aide pour la collecte des données et le backend. ", "", "Alice : je serai le principal développeur du projet, en charge du code avec l'aide d'Eddy.", "", "Notre estimation initiale du temps requis pour le projet est de 4 semaines, le calendrier détaillé sera mentionné ci-dessous\u0001", "Le déroulement du projet sera composé de 6 épopées, détaillées comme suit :", "", "E1 : décider de l'architecture, de la technique et de la plate-forme, ainsi que d'un plan pour la conception.", "E2 : collecte et agrégation des données et construction de la base de données, ainsi que l'implémentation du design et du frontend.", "E3 : construction de la fonctionnalité de recherche simple.", "E4 : construction de la recherche avancée, ainsi que de la fonctionnalité de classification des données.", "E5 : finition du Dev principal avec la fonctionnalité de recherche multiple.", "E6 : Intégration et tests", "", "Le calendrier de ce plan est détaillé dans le tableau suivant :", "", "", "", "\u0001", "", "", "", "nous avons décidé d'organiser une réunion chaque jour où Bob est présent car il est nécessaire pour chaque étape du travail (1-6-16-20) ", "Dans ce qui suit, chaque épopée est détaillée par les différentes tâches et la personne en charge :", "", "", "\u0001" ]
}
2021-11-05 08:52:16,884 [INFO ] : Added:
{
  "name" : "jae-fffffyyyyyyyyggyyyyyyygfgbbbfhhfffffjhg",
  "email" : "jaeffffffyyyyyyyggghhyggggyhhfbbbf.com",
  "phone" : "0768121629",
  "cvsource" : "C:/Users/moham/Desktop/DAAR/project2/garbage/txt.doc",
  "id" : "2a6f8464-6b92-431d-9f1d-7bf400cd2bbb",
  "cvdata" : [ "WONDROUS IT", "221b BAKER STREET", "99140 TOWNSVILLE", "", "Moteur de recherche d’images [Ticket #1664]", "", "Le projet en question sera une révolution dans l'offre de notre entreprise, et présentera un grand potentiel de croissance et d'occupation d'une plus grande partie du marché. ", "", "Le moteur de recherche sera réalisé par la collaboration des collègues susmentionnés, chacun d'entre nous étant chargé des tâches suivantes ", "", "Bob : sera le Lead Dev.", "", "Cindy : elle sera l'UX du projet, en charge de la conception de notre application Web.", "", "David : sera le QA, assurant la robustesse du code.", "", "Eddy : bien qu'inexpérimenté, il est très motivé et sera d'une grande aide pour la collecte des données et le backend. ", "", "Alice : je serai le principal développeur du projet, en charge du code avec l'aide d'Eddy.", "", "Notre estimation initiale du temps requis pour le projet est de 4 semaines, le calendrier détaillé sera mentionné ci-dessous\u0001", "Le déroulement du projet sera composé de 6 épopées, détaillées comme suit :", "", "E1 : décider de l'architecture, de la technique et de la plate-forme, ainsi que d'un plan pour la conception.", "E2 : collecte et agrégation des données et construction de la base de données, ainsi que l'implémentation du design et du frontend.", "E3 : construction de la fonctionnalité de recherche simple.", "E4 : construction de la recherche avancée, ainsi que de la fonctionnalité de classification des données.", "E5 : finition du Dev principal avec la fonctionnalité de recherche multiple.", "E6 : Intégration et tests", "", "Le calendrier de ce plan est détaillé dans le tableau suivant :", "", "", "", "\u0001", "", "", "", "nous avons décidé d'organiser une réunion chaque jour où Bob est présent car il est nécessaire pour chaque étape du travail (1-6-16-20) ", "Dans ce qui suit, chaque épopée est détaillée par les différentes tâches et la personne en charge :", "", "", "\u0001" ]
}
2021-11-05 08:52:17,956 [INFO ] : Creating a new CV: {
  "name" : "jae-fffffyyyyyyyyggyyyyyyygfgbbbfhhfffffjhg",
  "email" : "jaeffffffyyyyyyyggghhyggggyhhfbbbf.com",
  "phone" : "0768121629",
  "cvsource" : "C:/Users/moham/Desktop/DAAR/project2/garbage/txt.doc",
  "id" : "4bbf596b-bde5-4d1b-904c-be68fbbf4de9",
  "cvdata" : [ "WONDROUS IT", "221b BAKER STREET", "99140 TOWNSVILLE", "", "Moteur de recherche d’images [Ticket #1664]", "", "Le projet en question sera une révolution dans l'offre de notre entreprise, et présentera un grand potentiel de croissance et d'occupation d'une plus grande partie du marché. ", "", "Le moteur de recherche sera réalisé par la collaboration des collègues susmentionnés, chacun d'entre nous étant chargé des tâches suivantes ", "", "Bob : sera le Lead Dev.", "", "Cindy : elle sera l'UX du projet, en charge de la conception de notre application Web.", "", "David : sera le QA, assurant la robustesse du code.", "", "Eddy : bien qu'inexpérimenté, il est très motivé et sera d'une grande aide pour la collecte des données et le backend. ", "", "Alice : je serai le principal développeur du projet, en charge du code avec l'aide d'Eddy.", "", "Notre estimation initiale du temps requis pour le projet est de 4 semaines, le calendrier détaillé sera mentionné ci-dessous\u0001", "Le déroulement du projet sera composé de 6 épopées, détaillées comme suit :", "", "E1 : décider de l'architecture, de la technique et de la plate-forme, ainsi que d'un plan pour la conception.", "E2 : collecte et agrégation des données et construction de la base de données, ainsi que l'implémentation du design et du frontend.", "E3 : construction de la fonctionnalité de recherche simple.", "E4 : construction de la recherche avancée, ainsi que de la fonctionnalité de classification des données.", "E5 : finition du Dev principal avec la fonctionnalité de recherche multiple.", "E6 : Intégration et tests", "", "Le calendrier de ce plan est détaillé dans le tableau suivant :", "", "", "", "\u0001", "", "", "", "nous avons décidé d'organiser une réunion chaque jour où Bob est présent car il est nécessaire pour chaque étape du travail (1-6-16-20) ", "Dans ce qui suit, chaque épopée est détaillée par les différentes tâches et la personne en charge :", "", "", "\u0001" ]
}
2021-11-05 08:52:37,211 [INFO ] : Creating a new CV: {
  "name" : "jae-fffffyyyyyyyyggyyyyyyygfgbbssfjhg",
  "email" : "jaeffffffyyyyyyyggghhyggsshfbbbf.com",
  "phone" : "0768121629",
  "cvsource" : "C:/Users/moham/Desktop/DAAR/project2/garbage/txt.doc",
  "id" : "b118e62b-bfcc-4680-a15c-1d9dc70319f5",
  "cvdata" : [ "WONDROUS IT", "221b BAKER STREET", "99140 TOWNSVILLE", "", "Moteur de recherche d’images [Ticket #1664]", "", "Le projet en question sera une révolution dans l'offre de notre entreprise, et présentera un grand potentiel de croissance et d'occupation d'une plus grande partie du marché. ", "", "Le moteur de recherche sera réalisé par la collaboration des collègues susmentionnés, chacun d'entre nous étant chargé des tâches suivantes ", "", "Bob : sera le Lead Dev.", "", "Cindy : elle sera l'UX du projet, en charge de la conception de notre application Web.", "", "David : sera le QA, assurant la robustesse du code.", "", "Eddy : bien qu'inexpérimenté, il est très motivé et sera d'une grande aide pour la collecte des données et le backend. ", "", "Alice : je serai le principal développeur du projet, en charge du code avec l'aide d'Eddy.", "", "Notre estimation initiale du temps requis pour le projet est de 4 semaines, le calendrier détaillé sera mentionné ci-dessous\u0001", "Le déroulement du projet sera composé de 6 épopées, détaillées comme suit :", "", "E1 : décider de l'architecture, de la technique et de la plate-forme, ainsi que d'un plan pour la conception.", "E2 : collecte et agrégation des données et construction de la base de données, ainsi que l'implémentation du design et du frontend.", "E3 : construction de la fonctionnalité de recherche simple.", "E4 : construction de la recherche avancée, ainsi que de la fonctionnalité de classification des données.", "E5 : finition du Dev principal avec la fonctionnalité de recherche multiple.", "E6 : Intégration et tests", "", "Le calendrier de ce plan est détaillé dans le tableau suivant :", "", "", "", "\u0001", "", "", "", "nous avons décidé d'organiser une réunion chaque jour où Bob est présent car il est nécessaire pour chaque étape du travail (1-6-16-20) ", "Dans ce qui suit, chaque épopée est détaillée par les différentes tâches et la personne en charge :", "", "", "\u0001" ]
}
2021-11-05 08:52:37,240 [INFO ] : Added:
{
  "name" : "jae-fffffyyyyyyyyggyyyyyyygfgbbssfjhg",
  "email" : "jaeffffffyyyyyyyggghhyggsshfbbbf.com",
  "phone" : "0768121629",
  "cvsource" : "C:/Users/moham/Desktop/DAAR/project2/garbage/txt.doc",
  "id" : "b118e62b-bfcc-4680-a15c-1d9dc70319f5",
  "cvdata" : [ "WONDROUS IT", "221b BAKER STREET", "99140 TOWNSVILLE", "", "Moteur de recherche d’images [Ticket #1664]", "", "Le projet en question sera une révolution dans l'offre de notre entreprise, et présentera un grand potentiel de croissance et d'occupation d'une plus grande partie du marché. ", "", "Le moteur de recherche sera réalisé par la collaboration des collègues susmentionnés, chacun d'entre nous étant chargé des tâches suivantes ", "", "Bob : sera le Lead Dev.", "", "Cindy : elle sera l'UX du projet, en charge de la conception de notre application Web.", "", "David : sera le QA, assurant la robustesse du code.", "", "Eddy : bien qu'inexpérimenté, il est très motivé et sera d'une grande aide pour la collecte des données et le backend. ", "", "Alice : je serai le principal développeur du projet, en charge du code avec l'aide d'Eddy.", "", "Notre estimation initiale du temps requis pour le projet est de 4 semaines, le calendrier détaillé sera mentionné ci-dessous\u0001", "Le déroulement du projet sera composé de 6 épopées, détaillées comme suit :", "", "E1 : décider de l'architecture, de la technique et de la plate-forme, ainsi que d'un plan pour la conception.", "E2 : collecte et agrégation des données et construction de la base de données, ainsi que l'implémentation du design et du frontend.", "E3 : construction de la fonctionnalité de recherche simple.", "E4 : construction de la recherche avancée, ainsi que de la fonctionnalité de classification des données.", "E5 : finition du Dev principal avec la fonctionnalité de recherche multiple.", "E6 : Intégration et tests", "", "Le calendrier de ce plan est détaillé dans le tableau suivant :", "", "", "", "\u0001", "", "", "", "nous avons décidé d'organiser une réunion chaque jour où Bob est présent car il est nécessaire pour chaque étape du travail (1-6-16-20) ", "Dans ce qui suit, chaque épopée est détaillée par les différentes tâches et la personne en charge :", "", "", "\u0001" ]
}
